
> my-v0-project@0.1.0 test:e2e /home/darrien/projects/realhibachi-marketing
> bash ./harness/scripts/run-e2e.sh --grep TRK-015

[run-e2e] Reusing existing Playwright Chromium from /home/darrien/.cache/ms-playwright
[2m[WebServer] [22m(node:336808) Warning: The 'NO_COLOR' env is ignored due to the 'FORCE_COLOR' env being set.
[2m[WebServer] [22m(Use `node --trace-warnings ...` to show where the warning was created)
[2m[WebServer] [22m(node:336831) Warning: The 'NO_COLOR' env is ignored due to the 'FORCE_COLOR' env being set.
[2m[WebServer] [22m(Use `node --trace-warnings ...` to show where the warning was created)
[2m[WebServer] [22m(node:336848) Warning: The 'NO_COLOR' env is ignored due to the 'FORCE_COLOR' env being set.
[2m[WebServer] [22m(Use `node --trace-warnings ...` to show where the warning was created)

Running 1 test using 1 worker

(node:336906) Warning: The 'NO_COLOR' env is ignored due to the 'FORCE_COLOR' env being set.
(Use `node --trace-warnings ...` to show where the warning was created)
(node:336906) Warning: The 'NO_COLOR' env is ignored due to the 'FORCE_COLOR' env being set.
(Use `node --trace-warnings ...` to show where the warning was created)
[2m[WebServer] [22mDetailed Send Error: {
[2m[WebServer] [22m  name: [32m'Error'[39m,
[2m[WebServer] [22m  message: [32m'Missing API key. Pass it to the constructor `new Resend("re_123")`'[39m,
[2m[WebServer] [22m  response: [90mundefined[39m
[2m[WebServer] [22m}
  ✓  1 [chromium] › e2e/smoke.spec.ts:618:5 › TRK-015: estimate completion emits estimate_completed with numeric total value (4.9s)

  1 passed (11.0s)
