[2m[WebServer] [22m(node:29769) Warning: The 'NO_COLOR' env is ignored due to the 'FORCE_COLOR' env being set.
[2m[WebServer] [22m(Use `node --trace-warnings ...` to show where the warning was created)
[2m[WebServer] [22m(node:29782) Warning: The 'NO_COLOR' env is ignored due to the 'FORCE_COLOR' env being set.
[2m[WebServer] [22m(Use `node --trace-warnings ...` to show where the warning was created)
[2m[WebServer] [22m(node:29799) Warning: The 'NO_COLOR' env is ignored due to the 'FORCE_COLOR' env being set.
[2m[WebServer] [22m(Use `node --trace-warnings ...` to show where the warning was created)

Running 6 tests using 1 worker

(node:29876) Warning: The 'NO_COLOR' env is ignored due to the 'FORCE_COLOR' env being set.
(Use `node --trace-warnings ...` to show where the warning was created)
(node:29876) Warning: The 'NO_COLOR' env is ignored due to the 'FORCE_COLOR' env being set.
(Use `node --trace-warnings ...` to show where the warning was created)
  ✓  1 [chromium] › e2e/smoke.spec.ts:104:5 › TRK-005: booking funnel start event fires on first booking interaction (6.5s)
  ✓  2 [chromium] › e2e/smoke.spec.ts:142:5 › TRK-006: quote completion event includes required payload without undefined values (1.5s)
[2m[WebServer] [22mMissing Supabase environment variables
[2m[WebServer] [22mError in getBookingDetails: TypeError: Cannot read properties of null (reading 'from')
[2m[WebServer] [22m    at getBookingDetails (app/actions/booking.ts:381:43)
[2m[WebServer] [22m[0m [90m 379 |[39m     })()[0m
[2m[WebServer] [22m[0m [90m 380 |[39m[0m
[2m[WebServer] [22m[0m[31m[1m>[22m[39m[90m 381 |[39m     [36mconst[39m { data[33m,[39m error } [33m=[39m [36mawait[39m supabase[33m.[39m[36mfrom[39m([32m"bookings"[39m)[33m.[39mselect([32m"*"[39m)[33m.[39meq([32m"id"[39m[33m,[39m bookingId)[33m.[39msingle()[0m
[2m[WebServer] [22m[0m [90m     |[39m                                           [31m[1m^[22m[39m[0m
[2m[WebServer] [22m[0m [90m 382 |[39m[0m
[2m[WebServer] [22m[0m [90m 383 |[39m     [36mif[39m (error) {[0m
[2m[WebServer] [22m[0m [90m 384 |[39m       console[33m.[39merror([32m"Error fetching booking details:"[39m[33m,[39m error)[0m
  ✓  3 [chromium] › e2e/smoke.spec.ts:201:5 › TRK-007: deposit CTA click emits conversion-intent event (4.1s)
  ✘  4 [chromium] › e2e/smoke.spec.ts:294:5 › TRK-009: quote start emits quote_started with expected quote context (1.0m)
(node:30387) Warning: The 'NO_COLOR' env is ignored due to the 'FORCE_COLOR' env being set.
(Use `node --trace-warnings ...` to show where the warning was created)
(node:30387) Warning: The 'NO_COLOR' env is ignored due to the 'FORCE_COLOR' env being set.
(Use `node --trace-warnings ...` to show where the warning was created)
  ✓  5 [chromium] › e2e/smoke.spec.ts:542:5 › TRK-015: quote completion emits quote_completed with numeric estimate range (1.1s)
  ✓  6 [chromium] › e2e/smoke.spec.ts:679:5 › TRK-018: core pages stay interactive on desktop and mobile after tracking hooks (5.8s)


  1) [chromium] › e2e/smoke.spec.ts:294:5 › TRK-009: quote start emits quote_started with expected quote context 

    [31mTest timeout of 60000ms exceeded.[39m

    Error: page.waitForFunction: Test timeout of 60000ms exceeded.

      300 |   await expect(page).toHaveTitle(/Quote A|Real Hibachi/i, { timeout: 20_000 })
      301 |
    > 302 |   await page.waitForFunction(() =>
          |              ^
      303 |     Array.isArray((window as Window & { dataLayer?: Array<Record<string, unknown>> }).dataLayer),
      304 |   )
      305 |
        at /mnt/d/desktop/realhibachi/realhibachi-marketing/e2e/smoke.spec.ts:302:14

    attachment #1: screenshot (image/png) ──────────────────────────────────────────────────────────
    test-results/smoke-TRK-009-quote-start--b2ec1-with-expected-quote-context-chromium/test-failed-1.png
    ────────────────────────────────────────────────────────────────────────────────────────────────

    attachment #2: video (video/webm) ──────────────────────────────────────────────────────────────
    test-results/smoke-TRK-009-quote-start--b2ec1-with-expected-quote-context-chromium/video.webm
    ────────────────────────────────────────────────────────────────────────────────────────────────

    Error Context: test-results/smoke-TRK-009-quote-start--b2ec1-with-expected-quote-context-chromium/error-context.md

  1 failed
    [chromium] › e2e/smoke.spec.ts:294:5 › TRK-009: quote start emits quote_started with expected quote context 
  5 passed (3.0m)
