# Stripe checkout contract scan
UTC 2026-03-04 03:11:41

## API endpoint signatures
lib/stripe-server.ts:6:  const secretKey = process.env.STRIPE_SECRET_KEY?.trim()
lib/stripe-server.ts:9:    throw new Error("Missing STRIPE_SECRET_KEY environment variable.")
app/api/deposit/start/route.ts:250:  const session = await stripe.checkout.sessions.create({
app/api/deposit/start/route.ts:253:    success_url: buildSuccessUrl(origin),
app/api/deposit/start/route.ts:254:    cancel_url: buildCancelUrl(origin, payload),
app/api/deposit/start/route.ts:269:    payment_intent_data: {
app/api/deposit/start/route.ts:281:export async function POST(request: NextRequest) {
app/api/deposit/start/route.ts:305:export async function GET(request: NextRequest) {

## Deposit pay client checkout start
134:  const [checkoutStarting, setCheckoutStarting] = useState(false)
135:  const [checkoutError, setCheckoutError] = useState<string | null>(null)
212:    trackEvent("deposit_started", {
227:      const response = await fetch("/api/deposit/start", {
261:      window.location.href = payload.checkoutUrl
405:              disabled={checkoutStarting}
414:                {checkoutStarting ? "Redirecting to secure checkout..." : `Lock Your Date for $${depositAmount.toFixed(2)}`}
419:            {checkoutError && (
423:                <AlertDescription>{checkoutError}</AlertDescription>

## Callback pages
app/deposit/success/page.tsx:16:  const sessionId = firstParam(searchParams.session_id)
app/deposit/success/page.tsx:23:            <CardTitle>Deposit Payment Submitted</CardTitle>
app/deposit/cancel/page.tsx:11:            <CardTitle>Deposit Checkout Canceled</CardTitle>
